<?xml version="1.0" encoding="UTF-8"?>
<!-- Generated by org.testng.reporters.JUnitXMLReporter -->
<testsuite ignored="0" hostname="LAPTOP-QO0QQD2M" failures="0" tests="5" name="Test" time="47.01" errors="0" timestamp="2024-09-21T18:14:26 IST">
  <testcase classname="selenium.project.Project1.Test1" name="test1" time="0.015"/>
  <testcase classname="selenium.project.Project1.Test1" name="test2" time="0.002"/>
  <testcase classname="selenium.project.Project1.TestCase1" name="registration" time="8.025"/>
  <testcase classname="selenium.project.Project1.TestCase2" name="valid_login" time="8.126"/>
  <testcase classname="selenium.project.Project1.TestCase3" name="invalid_login" time="3.619"/>
</testsuite> <!-- Test -->
