<?xml version="1.0" encoding="UTF-8"?>
<!-- Generated by org.testng.reporters.JUnitXMLReporter -->
<testsuite ignored="0" hostname="LAPTOP-QO0QQD2M" failures="0" tests="4" name="Test" time="61.775" errors="0" timestamp="2024-09-20T17:09:01 IST">
  <testcase classname="selenium.project.Project1.Test1" name="test1" time="0.007"/>
  <testcase classname="selenium.project.Project1.Test1" name="test2" time="0.005"/>
  <testcase classname="selenium.project.Project1.TestCase2" name="valid_login" time="7.568"/>
  <testcase classname="selenium.project.Project1.TestCase1" name="registration" time="10.118"/>
</testsuite> <!-- Test -->
