<?xml version="1.0" encoding="UTF-8"?>
<testng-results ignored="0" total="4" passed="4" failed="0" skipped="0">
  <reporter-output>
  </reporter-output>
  <suite started-at="2024-09-20T17:08:00 IST" name="Suite" finished-at="2024-09-20T17:09:01 IST" duration-ms="61775">
    <groups>
    </groups>
    <test started-at="2024-09-20T17:08:00 IST" name="Test" finished-at="2024-09-20T17:09:01 IST" duration-ms="61775">
      <class name="selenium.project.Project1.TestCase2">
        <test-method is-config="true" signature="launch()[pri:0, instance:selenium.project.Project1.TestCase2@2805d709]" started-at="2024-09-20T17:08:00 IST" name="launch" finished-at="2024-09-20T17:08:27 IST" duration-ms="27409" status="PASS">
          <reporter-output>
          </reporter-output>
        </test-method> <!-- launch -->
        <test-method signature="valid_login()[pri:0, instance:selenium.project.Project1.TestCase2@2805d709]" started-at="2024-09-20T17:08:27 IST" name="valid_login" finished-at="2024-09-20T17:08:35 IST" duration-ms="7568" status="PASS">
          <reporter-output>
          </reporter-output>
        </test-method> <!-- valid_login -->
        <test-method is-config="true" signature="quit()[pri:0, instance:selenium.project.Project1.TestCase2@2805d709]" started-at="2024-09-20T17:08:35 IST" name="quit" finished-at="2024-09-20T17:08:35 IST" duration-ms="305" status="PASS">
          <reporter-output>
          </reporter-output>
        </test-method> <!-- quit -->
      </class> <!-- selenium.project.Project1.TestCase2 -->
      <class name="selenium.project.Project1.TestCase1">
        <test-method is-config="true" signature="launch()[pri:0, instance:selenium.project.Project1.TestCase1@26e356f0]" started-at="2024-09-20T17:08:35 IST" name="launch" finished-at="2024-09-20T17:08:51 IST" duration-ms="15993" status="PASS">
          <reporter-output>
          </reporter-output>
        </test-method> <!-- launch -->
        <test-method signature="registration()[pri:0, instance:selenium.project.Project1.TestCase1@26e356f0]" started-at="2024-09-20T17:08:51 IST" name="registration" finished-at="2024-09-20T17:09:01 IST" duration-ms="10118" status="PASS">
          <reporter-output>
          </reporter-output>
        </test-method> <!-- registration -->
        <test-method is-config="true" signature="quit()[pri:0, instance:selenium.project.Project1.TestCase1@26e356f0]" started-at="2024-09-20T17:09:01 IST" name="quit" finished-at="2024-09-20T17:09:01 IST" duration-ms="304" status="PASS">
          <reporter-output>
          </reporter-output>
        </test-method> <!-- quit -->
      </class> <!-- selenium.project.Project1.TestCase1 -->
      <class name="selenium.project.Project1.Test1">
        <test-method signature="test1()[pri:0, instance:selenium.project.Project1.Test1@741a8937]" started-at="2024-09-20T17:08:00 IST" name="test1" finished-at="2024-09-20T17:08:00 IST" duration-ms="7" status="PASS">
          <reporter-output>
          </reporter-output>
        </test-method> <!-- test1 -->
        <test-method signature="test2()[pri:0, instance:selenium.project.Project1.Test1@741a8937]" started-at="2024-09-20T17:08:00 IST" name="test2" finished-at="2024-09-20T17:08:00 IST" duration-ms="5" status="PASS">
          <reporter-output>
          </reporter-output>
        </test-method> <!-- test2 -->
      </class> <!-- selenium.project.Project1.Test1 -->
    </test> <!-- Test -->
  </suite> <!-- Suite -->
</testng-results>
