<?xml version="1.0" encoding="UTF-8"?>
<testng-results ignored="0" total="4" passed="4" failed="0" skipped="0">
  <reporter-output>
  </reporter-output>
  <suite started-at="2024-09-20T19:34:11 IST" name="Suite" finished-at="2024-09-20T19:35:00 IST" duration-ms="49017">
    <groups>
    </groups>
    <test started-at="2024-09-20T19:34:11 IST" name="Test" finished-at="2024-09-20T19:35:00 IST" duration-ms="49017">
      <class name="selenium.project.Project1.TestCase2">
        <test-method is-config="true" signature="launch()[pri:0, instance:selenium.project.Project1.TestCase2@1151e434]" started-at="2024-09-20T19:34:11 IST" name="launch" finished-at="2024-09-20T19:34:29 IST" duration-ms="17618" status="PASS">
          <reporter-output>
          </reporter-output>
        </test-method> <!-- launch -->
        <test-method signature="valid_login()[pri:0, instance:selenium.project.Project1.TestCase2@1151e434]" started-at="2024-09-20T19:34:29 IST" name="valid_login" finished-at="2024-09-20T19:34:38 IST" duration-ms="9524" status="PASS">
          <reporter-output>
          </reporter-output>
        </test-method> <!-- valid_login -->
        <test-method is-config="true" signature="quit()[pri:0, instance:selenium.project.Project1.TestCase2@1151e434]" started-at="2024-09-20T19:34:38 IST" name="quit" finished-at="2024-09-20T19:34:39 IST" duration-ms="516" status="PASS">
          <reporter-output>
          </reporter-output>
        </test-method> <!-- quit -->
      </class> <!-- selenium.project.Project1.TestCase2 -->
      <class name="selenium.project.Project1.TestCase1">
        <test-method is-config="true" signature="launch()[pri:0, instance:selenium.project.Project1.TestCase1@5824a83d]" started-at="2024-09-20T19:34:39 IST" name="launch" finished-at="2024-09-20T19:34:50 IST" duration-ms="11397" status="PASS">
          <reporter-output>
          </reporter-output>
        </test-method> <!-- launch -->
        <test-method signature="registration()[pri:0, instance:selenium.project.Project1.TestCase1@5824a83d]" started-at="2024-09-20T19:34:50 IST" name="registration" finished-at="2024-09-20T19:34:59 IST" duration-ms="9333" status="PASS">
          <reporter-output>
          </reporter-output>
        </test-method> <!-- registration -->
        <test-method is-config="true" signature="quit()[pri:0, instance:selenium.project.Project1.TestCase1@5824a83d]" started-at="2024-09-20T19:34:59 IST" name="quit" finished-at="2024-09-20T19:35:00 IST" duration-ms="471" status="PASS">
          <reporter-output>
          </reporter-output>
        </test-method> <!-- quit -->
      </class> <!-- selenium.project.Project1.TestCase1 -->
      <class name="selenium.project.Project1.Test1">
        <test-method signature="test1()[pri:0, instance:selenium.project.Project1.Test1@437da279]" started-at="2024-09-20T19:34:11 IST" name="test1" finished-at="2024-09-20T19:34:11 IST" duration-ms="15" status="PASS">
          <reporter-output>
          </reporter-output>
        </test-method> <!-- test1 -->
        <test-method signature="test2()[pri:0, instance:selenium.project.Project1.Test1@437da279]" started-at="2024-09-20T19:34:11 IST" name="test2" finished-at="2024-09-20T19:34:11 IST" duration-ms="2" status="PASS">
          <reporter-output>
          </reporter-output>
        </test-method> <!-- test2 -->
      </class> <!-- selenium.project.Project1.Test1 -->
    </test> <!-- Test -->
  </suite> <!-- Suite -->
</testng-results>
