<?xml version="1.0" encoding="UTF-8"?>
<testng-results ignored="0" total="1" passed="1" failed="0" skipped="0">
  <reporter-output>
  </reporter-output>
  <suite started-at="2024-09-20T10:24:20 IST" name="Default suite" finished-at="2024-09-20T10:24:41 IST" duration-ms="21174">
    <groups>
    </groups>
    <test started-at="2024-09-20T10:24:20 IST" name="Default test" finished-at="2024-09-20T10:24:41 IST" duration-ms="21174">
      <class name="selenium.project.Project1.TestCase1">
        <test-method is-config="true" signature="launch()[pri:0, instance:selenium.project.Project1.TestCase1@618425b5]" started-at="2024-09-20T10:24:20 IST" name="launch" finished-at="2024-09-20T10:24:38 IST" duration-ms="17415" status="PASS">
          <reporter-output>
          </reporter-output>
        </test-method> <!-- launch -->
        <test-method signature="registration()[pri:0, instance:selenium.project.Project1.TestCase1@618425b5]" started-at="2024-09-20T10:24:38 IST" name="registration" finished-at="2024-09-20T10:24:41 IST" duration-ms="3214" status="PASS">
          <reporter-output>
          </reporter-output>
        </test-method> <!-- registration -->
        <test-method is-config="true" signature="quit()[pri:0, instance:selenium.project.Project1.TestCase1@618425b5]" started-at="2024-09-20T10:24:41 IST" name="quit" finished-at="2024-09-20T10:24:41 IST" duration-ms="495" status="PASS">
          <reporter-output>
          </reporter-output>
        </test-method> <!-- quit -->
      </class> <!-- selenium.project.Project1.TestCase1 -->
    </test> <!-- Default test -->
  </suite> <!-- Default suite -->
</testng-results>
